[0.006s] Invoking command in '/home/aruz/Final_Motion/MotionPlanning/ros_ws/build/subscriber_package': CMAKE_PREFIX_PATH=${CMAKE_PREFIX_PATH}:/opt/ros/jazzy DEBUGINFOD_URLS=https://debuginfod.ubuntu.com /usr/bin/cmake --build /home/aruz/Final_Motion/MotionPlanning/ros_ws/build/subscriber_package -- -j24 -l24
[0.086s] [ 33%] [32mBuilding CXX object CMakeFiles/main.dir/src/main.cpp.o[0m
[3.747s] [01m[K/home/aruz/Final_Motion/MotionPlanning/ros_ws/src/subscriber_package/src/main.cpp:[m[K In member function â€˜[01m[Kvoid ListenerNode::[01;32m[Kpublish_next_point[m[K(std::vector<Point2D>&, Point2D&)[m[Kâ€™:
[3.747s] [01m[K/home/aruz/Final_Motion/MotionPlanning/ros_ws/src/subscriber_package/src/main.cpp:171:35:[m[K [01;31m[Kerror: [m[Kâ€˜[01m[Kx[m[Kâ€™ was not declared in this scope
[3.747s]   171 |             cout<<"Next Point: "<<[01;31m[Kx[m[K<<" "<<y<<" "<<angle<<endl;
[3.747s]       |                                   [01;31m[K^[m[K
[3.753s] [01m[K/home/aruz/Final_Motion/MotionPlanning/ros_ws/src/subscriber_package/src/main.cpp:171:43:[m[K [01;31m[Kerror: [m[Kâ€˜[01m[Ky[m[Kâ€™ was not declared in this scope; did you mean â€˜[01m[Kyn[m[Kâ€™?
[3.753s]   171 |             cout<<"Next Point: "<<x<<" "<<[01;31m[Ky[m[K<<" "<<angle<<endl;
[3.753s]       |                                           [01;31m[K^[m[K
[3.753s]       |                                           [32m[Kyn[m[K
[3.753s] [01m[K/home/aruz/Final_Motion/MotionPlanning/ros_ws/src/subscriber_package/src/main.cpp:180:13:[m[K [01;31m[Kerror: [m[Kexpected â€˜[01m[K,[m[Kâ€™ or â€˜[01m[K;[m[Kâ€™ before â€˜[01m[Kfloat[m[Kâ€™
[3.753s]   180 |             [01;31m[Kfloat[m[K rel_angle= ball_wrto_bot-bot_global_angle;
[3.753s]       |             [01;31m[K^~~~~[m[K
[3.759s] [01m[K/home/aruz/Final_Motion/MotionPlanning/ros_ws/src/subscriber_package/src/main.cpp:182:13:[m[K [01;31m[Kerror: [m[Kâ€˜[01m[Krel_angle[m[Kâ€™ was not declared in this scope
[3.759s]   182 |             [01;31m[Krel_angle[m[K=min(rel_angle,0.3);
[3.759s]       |             [01;31m[K^~~~~~~~~[m[K
[3.759s] [01m[K/home/aruz/Final_Motion/MotionPlanning/ros_ws/src/subscriber_package/src/main.cpp:189:55:[m[K [01;31m[Kerror: [m[Kno match for â€˜[01m[Koperator=[m[Kâ€™ (operand types are â€˜[01m[Kstd_msgs::msg::Float32MultiArray_<std::allocator<void> >::_data_type[m[Kâ€™ {aka â€˜[01m[Kstd::vector<float>[m[Kâ€™} and â€˜[01m[K<brace-enclosed initializer list>[m[Kâ€™)
[3.759s]   189 |             message.data = {x, y, theta, vx, vy, omega[01;31m[K}[m[K;
[3.759s]       |                                                       [01;31m[K^[m[K
[3.760s] In file included from [01m[K/usr/include/c++/13/vector:72[m[K,
[3.760s]                  from [01m[K/home/aruz/Final_Motion/MotionPlanning/ros_ws/src/subscriber_package/src/main.cpp:3[m[K:
[3.760s] [01m[K/usr/include/c++/13/bits/vector.tcc:210:5:[m[K [01;36m[Knote: [m[Kcandidate: â€˜[01m[Kstd::vector<_Tp, _Alloc>& std::vector<_Tp, _Alloc>::[01;32m[Koperator=[m[K(const std::vector<_Tp, _Alloc>&) [35m[K[with _Tp = float; _Alloc = std::allocator<float>][m[K[m[Kâ€™
[3.760s]   210 |     [01;36m[Kvector<_Tp, _Alloc>[m[K::
[3.760s]       |     [01;36m[K^~~~~~~~~~~~~~~~~~~[m[K
[3.760s] [01m[K/usr/include/c++/13/bits/vector.tcc:211:42:[m[K [01;36m[Knote: [m[K  no known conversion for argument 1 from â€˜[01m[K<brace-enclosed initializer list>[m[Kâ€™ to â€˜[01m[Kconst std::vector<float>&[m[Kâ€™
[3.760s]   211 |     operator=([01;36m[Kconst vector<_Tp, _Alloc>& __x[m[K)
[3.760s]       |               [01;36m[K~~~~~~~~~~~~~~~~~~~~~~~~~~~^~~[m[K
[3.760s] In file included from [01m[K/usr/include/c++/13/vector:66[m[K:
[3.760s] [01m[K/usr/include/c++/13/bits/stl_vector.h:766:7:[m[K [01;36m[Knote: [m[Kcandidate: â€˜[01m[Kstd::vector<_Tp, _Alloc>& std::vector<_Tp, _Alloc>::[01;32m[Koperator=[m[K(std::vector<_Tp, _Alloc>&&) [35m[K[with _Tp = float; _Alloc = std::allocator<float>][m[K[m[Kâ€™
[3.760s]   766 |       [01;36m[Koperator[m[K=(vector&& __x) noexcept(_Alloc_traits::_S_nothrow_move())
[3.760s]       |       [01;36m[K^~~~~~~~[m[K
[3.760s] [01m[K/usr/include/c++/13/bits/stl_vector.h:766:26:[m[K [01;36m[Knote: [m[K  no known conversion for argument 1 from â€˜[01m[K<brace-enclosed initializer list>[m[Kâ€™ to â€˜[01m[Kstd::vector<float>&&[m[Kâ€™
[3.760s]   766 |       operator=([01;36m[Kvector&& __x[m[K) noexcept(_Alloc_traits::_S_nothrow_move())
[3.760s]       |                 [01;36m[K~~~~~~~~~^~~[m[K
[3.760s] [01m[K/usr/include/c++/13/bits/stl_vector.h:788:7:[m[K [01;36m[Knote: [m[Kcandidate: â€˜[01m[Kstd::vector<_Tp, _Alloc>& std::vector<_Tp, _Alloc>::[01;32m[Koperator=[m[K(std::initializer_list<_Tp>) [35m[K[with _Tp = float; _Alloc = std::allocator<float>][m[K[m[Kâ€™
[3.760s]   788 |       [01;36m[Koperator[m[K=(initializer_list<value_type> __l)
[3.760s]       |       [01;36m[K^~~~~~~~[m[K
[3.760s] [01m[K/usr/include/c++/13/bits/stl_vector.h:788:46:[m[K [01;36m[Knote: [m[K  no known conversion for argument 1 from â€˜[01m[K<brace-enclosed initializer list>[m[Kâ€™ to â€˜[01m[Kstd::initializer_list<float>[m[Kâ€™
[3.760s]   788 |       operator=([01;36m[Kinitializer_list<value_type> __l[m[K)
[3.760s]       |                 [01;36m[K~~~~~~~~~~~~~~~~~~~~~~~~~~~~~^~~[m[K
[5.685s] In file included from [01m[K/home/aruz/Final_Motion/MotionPlanning/ros_ws/src/subscriber_package/src/main.cpp:6[m[K:
[5.685s] [01m[K/home/aruz/Final_Motion/MotionPlanning/ros_ws/src/subscriber_package/include/PathPlanner.hpp:[m[K In function â€˜[01m[Kstd::vector<std::pair<double, double> >[01;32m[K plan[m[K(double, double, double, std::vector<Point2D>&, optimalPlanner, planningObjective, Point2D&, Point2D&)[m[Kâ€™:
[5.685s] [01m[K/home/aruz/Final_Motion/MotionPlanning/ros_ws/src/subscriber_package/include/PathPlanner.hpp:343:1:[m[K [01;35m[Kwarning: [m[Kcontrol reaches end of non-void function [[01;35m[K]8;;https://gcc.gnu.org/onlinedocs/gcc/Warning-Options.html#index-Wreturn-type-Wreturn-type]8;;[m[K]
[5.685s]   343 | [01;35m[K}[m[K
[5.685s]       | [01;35m[K^[m[K
[5.699s] [01m[K/home/aruz/Final_Motion/MotionPlanning/ros_ws/src/subscriber_package/include/PathPlanner.hpp:[m[K In function â€˜[01m[Kbool[01;32m[K argParse[m[K(int, char**, double*, optimalPlanner*, planningObjective*, std::string*)[m[Kâ€™:
[5.699s] [01m[K/home/aruz/Final_Motion/MotionPlanning/ros_ws/src/subscriber_package/include/PathPlanner.hpp:505:1:[m[K [01;35m[Kwarning: [m[Kcontrol reaches end of non-void function [[01;35m[K]8;;https://gcc.gnu.org/onlinedocs/gcc/Warning-Options.html#index-Wreturn-type-Wreturn-type]8;;[m[K]
[5.699s]   505 | [01;35m[K}[m[K
[5.699s]       | [01;35m[K^[m[K
[5.868s] gmake[2]: *** [CMakeFiles/main.dir/build.make:76: CMakeFiles/main.dir/src/main.cpp.o] Error 1
[5.869s] gmake[1]: *** [CMakeFiles/Makefile2:137: CMakeFiles/main.dir/all] Error 2
[5.869s] gmake: *** [Makefile:146: all] Error 2
[5.871s] Invoked command in '/home/aruz/Final_Motion/MotionPlanning/ros_ws/build/subscriber_package' returned '2': CMAKE_PREFIX_PATH=${CMAKE_PREFIX_PATH}:/opt/ros/jazzy DEBUGINFOD_URLS=https://debuginfod.ubuntu.com /usr/bin/cmake --build /home/aruz/Final_Motion/MotionPlanning/ros_ws/build/subscriber_package -- -j24 -l24
